ERROR - 2022-03-02 06:08:44 --> Column 'IDBARBEIRO' cannot be null
ERROR - 2022-03-02 06:08:50 --> Column 'IDBARBEIRO' cannot be null
ERROR - 2022-03-02 06:08:53 --> Column 'IDBARBEIRO' cannot be null
ERROR - 2022-03-02 06:09:41 --> Column 'IDBARBEIRO' cannot be null
ERROR - 2022-03-02 06:10:56 --> Column 'IDBARBEIRO' cannot be null
ERROR - 2022-03-02 06:11:30 --> Column 'IDBARBEIRO' cannot be null
ERROR - 2022-03-02 06:11:54 --> Column 'IDBARBEIRO' cannot be null
ERROR - 2022-03-02 06:14:28 --> Column 'IDBARBEIRO' cannot be null
CRITICAL - 2022-03-02 06:33:08 --> syntax error, unexpected '->' (T_OBJECT_OPERATOR), expecting identifier (T_STRING) or variable (T_VARIABLE) or '{' or '$'
#0 /app/myapp/system/Router/Router.php(175): CodeIgniter\Router\Router->autoRoute()
#1 /app/myapp/system/CodeIgniter.php(719): CodeIgniter\Router\Router->handle()
#2 /app/myapp/system/CodeIgniter.php(361): CodeIgniter\CodeIgniter->tryToRouteIt()
#3 /app/myapp/system/CodeIgniter.php(320): CodeIgniter\CodeIgniter->handleRequest()
#4 /app/myapp/public/index.php(37): CodeIgniter\CodeIgniter->run()
#5 {main}
ERROR - 2022-03-02 06:57:26 --> Duplicate entry '0' for key 'PRIMARY'
ERROR - 2022-03-02 06:57:58 --> Duplicate entry '0' for key 'PRIMARY'
ERROR - 2022-03-02 06:59:07 --> Duplicate entry '0' for key 'PRIMARY'
ERROR - 2022-03-02 06:59:42 --> Duplicate entry '0' for key 'PRIMARY'
CRITICAL - 2022-03-02 07:54:00 --> Creating default object from empty value
#0 /app/myapp/app/Controllers/Agendar.php(32): CodeIgniter\Debug\Exceptions->errorHandler()
#1 /app/myapp/system/CodeIgniter.php(825): App\Controllers\Agendar->index()
#2 /app/myapp/system/CodeIgniter.php(412): CodeIgniter\CodeIgniter->runController()
#3 /app/myapp/system/CodeIgniter.php(320): CodeIgniter\CodeIgniter->handleRequest()
#4 /app/myapp/public/index.php(37): CodeIgniter\CodeIgniter->run()
#5 {main}
CRITICAL - 2022-03-02 07:54:41 --> Creating default object from empty value
#0 /app/myapp/app/Controllers/Agendar.php(33): CodeIgniter\Debug\Exceptions->errorHandler()
#1 /app/myapp/system/CodeIgniter.php(825): App\Controllers\Agendar->index()
#2 /app/myapp/system/CodeIgniter.php(412): CodeIgniter\CodeIgniter->runController()
#3 /app/myapp/system/CodeIgniter.php(320): CodeIgniter\CodeIgniter->handleRequest()
#4 /app/myapp/public/index.php(37): CodeIgniter\CodeIgniter->run()
#5 {main}
CRITICAL - 2022-03-02 07:57:27 --> Creating default object from empty value
#0 /app/myapp/app/Controllers/Agendar.php(33): CodeIgniter\Debug\Exceptions->errorHandler()
#1 /app/myapp/system/CodeIgniter.php(825): App\Controllers\Agendar->index()
#2 /app/myapp/system/CodeIgniter.php(412): CodeIgniter\CodeIgniter->runController()
#3 /app/myapp/system/CodeIgniter.php(320): CodeIgniter\CodeIgniter->handleRequest()
#4 /app/myapp/public/index.php(37): CodeIgniter\CodeIgniter->run()
#5 {main}
CRITICAL - 2022-03-02 07:58:51 --> Attempt to assign property 'E' of non-object
#0 /app/myapp/app/Controllers/Agendar.php(34): CodeIgniter\Debug\Exceptions->errorHandler()
#1 /app/myapp/system/CodeIgniter.php(825): App\Controllers\Agendar->index()
#2 /app/myapp/system/CodeIgniter.php(412): CodeIgniter\CodeIgniter->runController()
#3 /app/myapp/system/CodeIgniter.php(320): CodeIgniter\CodeIgniter->handleRequest()
#4 /app/myapp/public/index.php(37): CodeIgniter\CodeIgniter->run()
#5 {main}
CRITICAL - 2022-03-02 07:59:06 --> Attempt to assign property 'E' of non-object
#0 /app/myapp/app/Controllers/Agendar.php(34): CodeIgniter\Debug\Exceptions->errorHandler()
#1 /app/myapp/system/CodeIgniter.php(825): App\Controllers\Agendar->index()
#2 /app/myapp/system/CodeIgniter.php(412): CodeIgniter\CodeIgniter->runController()
#3 /app/myapp/system/CodeIgniter.php(320): CodeIgniter\CodeIgniter->handleRequest()
#4 /app/myapp/public/index.php(37): CodeIgniter\CodeIgniter->run()
#5 {main}
CRITICAL - 2022-03-02 07:59:21 --> Cannot use string offset as an object
#0 /app/myapp/system/CodeIgniter.php(825): App\Controllers\Agendar->index()
#1 /app/myapp/system/CodeIgniter.php(412): CodeIgniter\CodeIgniter->runController()
#2 /app/myapp/system/CodeIgniter.php(320): CodeIgniter\CodeIgniter->handleRequest()
#3 /app/myapp/public/index.php(37): CodeIgniter\CodeIgniter->run()
#4 {main}
CRITICAL - 2022-03-02 09:57:22 --> syntax error, unexpected '->' (T_OBJECT_OPERATOR)
#0 /app/myapp/system/Router/Router.php(175): CodeIgniter\Router\Router->autoRoute()
#1 /app/myapp/system/CodeIgniter.php(719): CodeIgniter\Router\Router->handle()
#2 /app/myapp/system/CodeIgniter.php(361): CodeIgniter\CodeIgniter->tryToRouteIt()
#3 /app/myapp/system/CodeIgniter.php(320): CodeIgniter\CodeIgniter->handleRequest()
#4 /app/myapp/public/index.php(37): CodeIgniter\CodeIgniter->run()
#5 {main}
CRITICAL - 2022-03-02 09:57:25 --> syntax error, unexpected '->' (T_OBJECT_OPERATOR)
#0 /app/myapp/system/Router/Router.php(175): CodeIgniter\Router\Router->autoRoute()
#1 /app/myapp/system/CodeIgniter.php(719): CodeIgniter\Router\Router->handle()
#2 /app/myapp/system/CodeIgniter.php(361): CodeIgniter\CodeIgniter->tryToRouteIt()
#3 /app/myapp/system/CodeIgniter.php(320): CodeIgniter\CodeIgniter->handleRequest()
#4 /app/myapp/public/index.php(37): CodeIgniter\CodeIgniter->run()
#5 {main}
CRITICAL - 2022-03-02 09:57:27 --> syntax error, unexpected '->' (T_OBJECT_OPERATOR)
#0 /app/myapp/system/Router/Router.php(175): CodeIgniter\Router\Router->autoRoute()
#1 /app/myapp/system/CodeIgniter.php(719): CodeIgniter\Router\Router->handle()
#2 /app/myapp/system/CodeIgniter.php(361): CodeIgniter\CodeIgniter->tryToRouteIt()
#3 /app/myapp/system/CodeIgniter.php(320): CodeIgniter\CodeIgniter->handleRequest()
#4 /app/myapp/public/index.php(37): CodeIgniter\CodeIgniter->run()
#5 {main}
CRITICAL - 2022-03-02 09:57:46 --> Call to a member function index() on null
#0 /app/myapp/system/CodeIgniter.php(825): App\Controllers\Login->cadastro()
#1 /app/myapp/system/CodeIgniter.php(412): CodeIgniter\CodeIgniter->runController()
#2 /app/myapp/system/CodeIgniter.php(320): CodeIgniter\CodeIgniter->handleRequest()
#3 /app/myapp/public/index.php(37): CodeIgniter\CodeIgniter->run()
#4 {main}
CRITICAL - 2022-03-02 09:58:15 --> Call to a member function index() on null
#0 /app/myapp/system/CodeIgniter.php(825): App\Controllers\Login->cadastro()
#1 /app/myapp/system/CodeIgniter.php(412): CodeIgniter\CodeIgniter->runController()
#2 /app/myapp/system/CodeIgniter.php(320): CodeIgniter\CodeIgniter->handleRequest()
#3 /app/myapp/public/index.php(37): CodeIgniter\CodeIgniter->run()
#4 {main}
CRITICAL - 2022-03-02 09:58:33 --> Call to a member function index() on null
#0 /app/myapp/system/CodeIgniter.php(825): App\Controllers\Login->cadastro()
#1 /app/myapp/system/CodeIgniter.php(412): CodeIgniter\CodeIgniter->runController()
#2 /app/myapp/system/CodeIgniter.php(320): CodeIgniter\CodeIgniter->handleRequest()
#3 /app/myapp/public/index.php(37): CodeIgniter\CodeIgniter->run()
#4 {main}
CRITICAL - 2022-03-02 09:59:10 --> Call to a member function index() on null
#0 /app/myapp/system/CodeIgniter.php(825): App\Controllers\Login->cadastro()
#1 /app/myapp/system/CodeIgniter.php(412): CodeIgniter\CodeIgniter->runController()
#2 /app/myapp/system/CodeIgniter.php(320): CodeIgniter\CodeIgniter->handleRequest()
#3 /app/myapp/public/index.php(37): CodeIgniter\CodeIgniter->run()
#4 {main}
CRITICAL - 2022-03-02 10:10:47 --> Call to a member function index() on null
#0 /app/myapp/app/Controllers/Login.php(65): App\Controllers\Login->cadastro()
#1 /app/myapp/system/CodeIgniter.php(825): App\Controllers\Login->cadastrar()
#2 /app/myapp/system/CodeIgniter.php(412): CodeIgniter\CodeIgniter->runController()
#3 /app/myapp/system/CodeIgniter.php(320): CodeIgniter\CodeIgniter->handleRequest()
#4 /app/myapp/public/index.php(37): CodeIgniter\CodeIgniter->run()
#5 {main}
CRITICAL - 2022-03-02 10:10:53 --> Call to a member function index() on null
#0 /app/myapp/app/Controllers/Login.php(65): App\Controllers\Login->cadastro()
#1 /app/myapp/system/CodeIgniter.php(825): App\Controllers\Login->cadastrar()
#2 /app/myapp/system/CodeIgniter.php(412): CodeIgniter\CodeIgniter->runController()
#3 /app/myapp/system/CodeIgniter.php(320): CodeIgniter\CodeIgniter->handleRequest()
#4 /app/myapp/public/index.php(37): CodeIgniter\CodeIgniter->run()
#5 {main}
